<?xml version="1.0" encoding="UTF-8"?>
<testsuite xmlns:xsi="http://www.w3.org/2001/XMLSchema-instance" xsi:noNamespaceSchemaLocation="https://maven.apache.org/surefire/maven-surefire-plugin/xsd/surefire-test-report-3.0.xsd" version="3.0" name="TestSuite" time="97.11" tests="1" errors="0" skipped="0" failures="1">
  <properties>
[...]
</properties>
  <testcase name="amazonOrder" classname="com.mobile.testing.AmazonShopping" time="64.916">
    <failure message="The following asserts failed:&#10;	expected [₹13,499.00 ₹26,990.00] but found [₹13,499.00]" type="java.lang.AssertionError"><![CDATA[java.lang.AssertionError: 
The following asserts failed:
	expected [₹13,499.00 ₹26,990.00] but found [₹13,499.00]
	at com.mobile.testing.AmazonShopping.amazonOrder(AmazonShopping.java:94)
]]></failure>
    <system-out><![CDATA[Session started.......
Amazon app launched successfully
Element of id com.amazon.mShop.android.shopping:id/sign_in_button clicked successfully.
PORTRAIT
Rotate to landscape mode successfully
LANDSCAPE
Rotate to potrait mode successfully
The text field with xpath//android.widget.EditText[@resource-id='ap_email_login'] entered with data9360226898successfully
Element of //android.widget.Button[@resource-id='continue']clicked successfully
The text field with xpath //android.widget.EditText[@resource-id='ap_password'] entered with data Mekalai@1995 successfully.
Element of //android.widget.Button[@resource-id='signInSubmit']clicked successfully
Element of id com.amazon.mShop.android.shopping:id/rs_search_src_text clicked successfully.
The text field with xpath com.amazon.mShop.android.shopping:id/rs_search_src_text entered with data32 inch TVsuccessfully
iFFALCON 80 cm (32 inches) HD Ready Android Smart LED TV 32F2A (Black) (2021 Model) | With Built-in Voice Assistant
iFFALCON
₹13,499.00 ₹26,990.00
Element of (//android.widget.TextView[@resource-id='com.amazon.mShop.android.shopping:id/item_title'])[2]clicked successfully
iFFALCON 80 cm (32 inches) HD Ready Android Smart LED TV 32F2A (Black) (2021 Model) | With Built-in Voice Assistant
Element of //android.view.View[@resource-id='buyNowCheckout']clicked successfully
Element of //android.widget.Button[@text='Continue']clicked successfully
Element of //android.view.View/android.widget.RadioButton[@text='Pay on Delivery']/android.view.Viewclicked successfully
Element of (//android.widget.Button[@text='Continue'])[2]clicked successfully
iFFALCON 80 cm (32 inches) HD Ready Android Smart LED TV 32F2A (Black) (2021 Model) | With Built-in Voice Assistant
₹13,499.00
]]></system-out>
    <system-err><![CDATA[SLF4J: Failed to load class "org.slf4j.impl.StaticLoggerBinder".
SLF4J: Defaulting to no-operation (NOP) logger implementation
SLF4J: See http://www.slf4j.org/codes.html#StaticLoggerBinder for further details.
Jul 11, 2021 1:19:38 PM io.appium.java_client.remote.AppiumCommandExecutor$1 lambda$0
INFO: Detected dialect: W3C
]]></system-err>
  </testcase>
</testsuite>